<?xml version="1.0" encoding="UTF-8"?>
<!-- Generated by org.testng.reporters.JUnitXMLReporter -->
<testsuite ignored="0" hostname="LAPTOP-A9EMGS12" failures="0" tests="2" name="Default test" time="16.867" errors="0" timestamp="2024-08-14T19:11:59 IST">
  <testcase classname="com.vishvpatel.seleniumpractice.SampleExampleTestNG" name="titleVerify" time="3.522"/>
  <testcase classname="com.vishvpatel.seleniumpractice.SampleExampleTestNG" name="titleVerify1" time="3.015"/>
</testsuite> <!-- Default test -->
