<?xml version="1.0" encoding="UTF-8"?>
<testng-results ignored="0" total="1" passed="1" failed="0" skipped="0">
  <reporter-output>
  </reporter-output>
  <suite started-at="2024-08-15T11:59:45 IST" name="Suite" finished-at="2024-08-15T12:00:03 IST" duration-ms="18373">
    <groups>
    </groups>
    <test started-at="2024-08-15T11:59:45 IST" name="Test" finished-at="2024-08-15T12:00:03 IST" duration-ms="18373">
      <class name="com.vishvpatel.seleniumpractice.SampleExampleTestNG">
        <test-method is-config="true" signature="beforeClass()[pri:0, instance:com.vishvpatel.seleniumpractice.SampleExampleTestNG@14dd9eb7]" started-at="2024-08-15T11:59:45 IST" name="beforeClass" finished-at="2024-08-15T11:59:48 IST" duration-ms="3539" status="PASS">
          <reporter-output>
          </reporter-output>
        </test-method> <!-- beforeClass -->
        <test-method signature="titleVerify()[pri:0, instance:com.vishvpatel.seleniumpractice.SampleExampleTestNG@14dd9eb7]" started-at="2024-08-15T11:59:48 IST" name="titleVerify" finished-at="2024-08-15T11:59:59 IST" duration-ms="11172" status="PASS">
          <reporter-output>
          </reporter-output>
        </test-method> <!-- titleVerify -->
        <test-method is-config="true" signature="afterMethod(org.testng.ITestResult)[pri:0, instance:com.vishvpatel.seleniumpractice.SampleExampleTestNG@14dd9eb7]" started-at="2024-08-15T11:59:59 IST" name="afterMethod" finished-at="2024-08-15T12:00:01 IST" duration-ms="2135" status="PASS">
          <params>
            <param index="0">
              <value>
                <![CDATA[[TestResult name=titleVerify status=SUCCESS method=SampleExampleTestNG.titleVerify()[pri:0, instance:com.vishvpatel.seleniumpractice.SampleExampleTestNG@14dd9eb7] output={null}]]]>
              </value>
            </param>
          </params>
          <reporter-output>
          </reporter-output>
        </test-method> <!-- afterMethod -->
        <test-method is-config="true" signature="afterClass()[pri:0, instance:com.vishvpatel.seleniumpractice.SampleExampleTestNG@14dd9eb7]" started-at="2024-08-15T12:00:01 IST" name="afterClass" finished-at="2024-08-15T12:00:03 IST" duration-ms="1500" status="PASS">
          <reporter-output>
          </reporter-output>
        </test-method> <!-- afterClass -->
      </class> <!-- com.vishvpatel.seleniumpractice.SampleExampleTestNG -->
    </test> <!-- Test -->
  </suite> <!-- Suite -->
</testng-results>
