<?xml version="1.0" encoding="UTF-8"?>
<testng-results ignored="0" total="2" passed="2" failed="0" skipped="0">
  <reporter-output>
  </reporter-output>
  <suite started-at="2024-08-14T20:01:38 IST" name="Suite" finished-at="2024-08-14T20:01:56 IST" duration-ms="18012">
    <groups>
    </groups>
    <test started-at="2024-08-14T20:01:38 IST" name="Test" finished-at="2024-08-14T20:01:56 IST" duration-ms="18012">
      <class name="com.vishvpatel.seleniumpractice.SampleExampleTestNG">
        <test-method is-config="true" signature="beforeClass()[pri:0, instance:com.vishvpatel.seleniumpractice.SampleExampleTestNG@1d9b7cce]" started-at="2024-08-14T20:01:38 IST" name="beforeClass" finished-at="2024-08-14T20:01:41 IST" duration-ms="2945" status="PASS">
          <reporter-output>
          </reporter-output>
        </test-method> <!-- beforeClass -->
        <test-method signature="titleVerify()[pri:0, instance:com.vishvpatel.seleniumpractice.SampleExampleTestNG@1d9b7cce]" started-at="2024-08-14T20:01:41 IST" name="titleVerify" finished-at="2024-08-14T20:01:47 IST" duration-ms="5862" status="PASS">
          <reporter-output>
          </reporter-output>
        </test-method> <!-- titleVerify -->
        <test-method is-config="true" signature="afterMethod(org.testng.ITestResult)[pri:0, instance:com.vishvpatel.seleniumpractice.SampleExampleTestNG@1d9b7cce]" started-at="2024-08-14T20:01:47 IST" name="afterMethod" finished-at="2024-08-14T20:01:49 IST" duration-ms="2146" status="PASS">
          <params>
            <param index="0">
              <value>
                <![CDATA[[TestResult name=titleVerify status=SUCCESS method=SampleExampleTestNG.titleVerify()[pri:0, instance:com.vishvpatel.seleniumpractice.SampleExampleTestNG@1d9b7cce] output={null}]]]>
              </value>
            </param>
          </params>
          <reporter-output>
          </reporter-output>
        </test-method> <!-- afterMethod -->
        <test-method signature="titleVerify1()[pri:0, instance:com.vishvpatel.seleniumpractice.SampleExampleTestNG@1d9b7cce]" started-at="2024-08-14T20:01:49 IST" name="titleVerify1" finished-at="2024-08-14T20:01:52 IST" duration-ms="3055" status="PASS">
          <reporter-output>
          </reporter-output>
        </test-method> <!-- titleVerify1 -->
        <test-method is-config="true" signature="afterMethod(org.testng.ITestResult)[pri:0, instance:com.vishvpatel.seleniumpractice.SampleExampleTestNG@1d9b7cce]" started-at="2024-08-14T20:01:52 IST" name="afterMethod" finished-at="2024-08-14T20:01:54 IST" duration-ms="2145" status="PASS">
          <params>
            <param index="0">
              <value>
                <![CDATA[[TestResult name=titleVerify1 status=SUCCESS method=SampleExampleTestNG.titleVerify1()[pri:0, instance:com.vishvpatel.seleniumpractice.SampleExampleTestNG@1d9b7cce] output={null}]]]>
              </value>
            </param>
          </params>
          <reporter-output>
          </reporter-output>
        </test-method> <!-- afterMethod -->
        <test-method is-config="true" signature="afterClass()[pri:0, instance:com.vishvpatel.seleniumpractice.SampleExampleTestNG@1d9b7cce]" started-at="2024-08-14T20:01:54 IST" name="afterClass" finished-at="2024-08-14T20:01:56 IST" duration-ms="1808" status="PASS">
          <reporter-output>
          </reporter-output>
        </test-method> <!-- afterClass -->
      </class> <!-- com.vishvpatel.seleniumpractice.SampleExampleTestNG -->
    </test> <!-- Test -->
  </suite> <!-- Suite -->
</testng-results>
