<?xml version="1.0" encoding="UTF-8"?>
<testng-results ignored="0" total="2" passed="2" failed="0" skipped="0">
  <reporter-output>
  </reporter-output>
  <suite started-at="2024-08-14T19:11:42 IST" name="Default suite" finished-at="2024-08-14T19:11:59 IST" duration-ms="16867">
    <groups>
    </groups>
    <test started-at="2024-08-14T19:11:42 IST" name="Default test" finished-at="2024-08-14T19:11:59 IST" duration-ms="16867">
      <class name="com.vishvpatel.seleniumpractice.SampleExampleTestNG">
        <test-method is-config="true" signature="beforeClass()[pri:0, instance:com.vishvpatel.seleniumpractice.SampleExampleTestNG@4802796d]" started-at="2024-08-14T19:11:42 IST" name="beforeClass" finished-at="2024-08-14T19:11:46 IST" duration-ms="4391" status="PASS">
          <reporter-output>
          </reporter-output>
        </test-method> <!-- beforeClass -->
        <test-method signature="titleVerify()[pri:0, instance:com.vishvpatel.seleniumpractice.SampleExampleTestNG@4802796d]" started-at="2024-08-14T19:11:46 IST" name="titleVerify" finished-at="2024-08-14T19:11:50 IST" duration-ms="3522" status="PASS">
          <reporter-output>
          </reporter-output>
        </test-method> <!-- titleVerify -->
        <test-method is-config="true" signature="afterMethod(org.testng.ITestResult)[pri:0, instance:com.vishvpatel.seleniumpractice.SampleExampleTestNG@4802796d]" started-at="2024-08-14T19:11:50 IST" name="afterMethod" finished-at="2024-08-14T19:11:52 IST" duration-ms="2138" status="PASS">
          <params>
            <param index="0">
              <value>
                <![CDATA[[TestResult name=titleVerify status=SUCCESS method=SampleExampleTestNG.titleVerify()[pri:0, instance:com.vishvpatel.seleniumpractice.SampleExampleTestNG@4802796d] output={null}]]]>
              </value>
            </param>
          </params>
          <reporter-output>
          </reporter-output>
        </test-method> <!-- afterMethod -->
        <test-method signature="titleVerify1()[pri:0, instance:com.vishvpatel.seleniumpractice.SampleExampleTestNG@4802796d]" started-at="2024-08-14T19:11:52 IST" name="titleVerify1" finished-at="2024-08-14T19:11:55 IST" duration-ms="3015" status="PASS">
          <reporter-output>
          </reporter-output>
        </test-method> <!-- titleVerify1 -->
        <test-method is-config="true" signature="afterMethod(org.testng.ITestResult)[pri:0, instance:com.vishvpatel.seleniumpractice.SampleExampleTestNG@4802796d]" started-at="2024-08-14T19:11:55 IST" name="afterMethod" finished-at="2024-08-14T19:11:57 IST" duration-ms="2107" status="PASS">
          <params>
            <param index="0">
              <value>
                <![CDATA[[TestResult name=titleVerify1 status=SUCCESS method=SampleExampleTestNG.titleVerify1()[pri:0, instance:com.vishvpatel.seleniumpractice.SampleExampleTestNG@4802796d] output={null}]]]>
              </value>
            </param>
          </params>
          <reporter-output>
          </reporter-output>
        </test-method> <!-- afterMethod -->
        <test-method is-config="true" signature="afterClass()[pri:0, instance:com.vishvpatel.seleniumpractice.SampleExampleTestNG@4802796d]" started-at="2024-08-14T19:11:57 IST" name="afterClass" finished-at="2024-08-14T19:11:59 IST" duration-ms="1635" status="PASS">
          <reporter-output>
          </reporter-output>
        </test-method> <!-- afterClass -->
      </class> <!-- com.vishvpatel.seleniumpractice.SampleExampleTestNG -->
    </test> <!-- Default test -->
  </suite> <!-- Default suite -->
</testng-results>
